2015-11-16T00:46:40.162377	Loading page...	http://www.edimdoma.ru/retsepty/10338-kvas-iz-rzhanyh-suharey
2015-11-16T00:46:41.145551	Loading page...	http://www.edimdoma.ru/retsepty/10846-limonnyy-kvas
2015-11-16T00:46:42.260250	Loading page...	http://www.edimdoma.ru/retsepty/10853-kvas-iz-klubniki
2015-11-16T00:46:43.338331	Loading page...	http://www.edimdoma.ru/retsepty/11456-kvas-hlebnyy
2015-11-16T00:46:44.396688	Loading page...	http://www.edimdoma.ru/retsepty/12507-kvas-iz-alychi
2015-11-16T00:46:45.365039	Loading page...	http://www.edimdoma.ru/retsepty/13190-kvas-iz-antonovki
2015-11-16T00:46:46.429092	Loading page...	http://www.edimdoma.ru/retsepty/22207-domashniy-kvas
2015-11-16T00:46:47.796509	Loading page...	http://www.edimdoma.ru/retsepty/22787-pervyy-raz-hlebnyy-kvas
2015-11-16T00:46:50.804377	Loading page...	http://www.edimdoma.ru/retsepty/22853-kvas-iz-cheremuhi
2015-11-16T00:46:51.805205	Loading page...	http://www.edimdoma.ru/retsepty/24571-kvas-hrenovyy-ili-petrovskiy
2015-11-16T00:46:53.837095	Loading page...	http://www.edimdoma.ru/retsepty/24816-vishnevyy-kvas
2015-11-16T00:46:55.199071	Loading page...	http://www.edimdoma.ru/retsepty/25257-kvas-na-solode
2015-11-16T00:46:56.865058	Loading page...	http://www.edimdoma.ru/retsepty/25277-kvas
2015-11-16T00:46:58.174747	Loading page...	http://www.edimdoma.ru/retsepty/26449-vesyolyy-kvas
2015-11-16T00:46:59.668386	Loading page...	http://www.edimdoma.ru/retsepty/29970-kvas-dlya-nas
2015-11-16T00:47:02.008722	Loading page...	http://www.edimdoma.ru/retsepty/45203-medovyy-kvas
2015-11-16T00:47:05.468692	Loading page...	http://www.edimdoma.ru/retsepty/53971-domashniy-hlebnyy-kvas
2015-11-16T00:47:07.046790	Loading page...	http://www.edimdoma.ru/retsepty/55146-kvas-hlebnyy-s-myatoy
2015-11-16T00:47:08.349271	Loading page...	http://www.edimdoma.ru/retsepty/56109-poleznyy-kvas-iz-ovsa-prohladitelnye-napitki
2015-11-16T00:47:10.610878	Loading page...	http://www.edimdoma.ru/retsepty/56160-yablochnyy-kvas-prohladitelnye-napitki
2015-11-16T00:47:12.776572	Loading page...	http://www.edimdoma.ru/retsepty/56292-chernichnyy-kvas
2015-11-16T00:47:14.848845	Loading page...	http://www.edimdoma.ru/retsepty/63217-kvas-hlebnyy
2015-11-16T00:47:16.527021	Loading page...	http://www.edimdoma.ru/retsepty/66265-domashniy-kvas-iz-suharey
2015-11-16T00:47:18.290984	Loading page...	http://www.edimdoma.ru/retsepty/67461-kvas-na-rzhanoy-zakvaske
2015-11-16T00:47:20.319939	Loading page...	http://www.edimdoma.ru/retsepty/73589-svekolnyy-kvas
2015-11-16T00:47:22.211904	Loading page...	http://www.edimdoma.ru/retsepty/74501-ekspress-kvas-nostalgicheskiy
2015-11-16T00:47:23.884809	Loading page...	http://www.edimdoma.ru/retsepty/74505-kvas-na-yablochnom-soke
2015-11-16T00:47:25.641507	Loading page...	
